<?xml version="1.0" encoding="UTF-8"?>
<!-- Generated by org.testng.reporters.JUnitXMLReporter -->
<testsuite ignored="0" hostname="DESKTOP-J5E2PDF" failures="0" tests="4" name="testabase" time="195.845" errors="0" timestamp="2021-06-26T19:51:04 PDT">
  <testcase classname="jun26NG.classthing" name="f" time="55.231"/>
  <testcase classname="jun26NG.classthing" name="f3" time="30.411"/>
  <testcase classname="jun26NG.methodthing" name="f" time="54.561"/>
  <testcase classname="jun26NG.methodthing" name="f2" time="42.369"/>
</testsuite> <!-- testabase -->
