<?xml version="1.0" encoding="UTF-8"?>
<!-- Generated by org.testng.reporters.JUnitXMLReporter -->
<testsuite ignored="9" hostname="DESKTOP-J5E2PDF" failures="0" tests="3" name="Test" time="40.988" errors="0" timestamp="2021-07-05T16:50:14 PDT">
  <testcase classname="jun27NG.Login2app" name="conus" time="3.865"/>
  <testcase classname="jun27NG.Create" name="createaccountman" time="8.864"/>
  <testcase classname="jun27NG.Login2app" name="craete" time="3.48"/>
  <testcase classname="jun27NG.Login2app" name="search" time="0.0">
    <ignored/>
  </testcase> <!-- search -->
  <testcase classname="testbase.Testbase1" name="@AfterTest testafter" time="0.0">
    <ignored/>
  </testcase> <!-- @AfterTest testafter -->
  <testcase classname="jun27NG.Login2app" name="login0" time="0.0">
    <ignored/>
  </testcase> <!-- login0 -->
  <testcase classname="jun27NG.Login2app" name="login69" time="0.0">
    <ignored/>
  </testcase> <!-- login69 -->
  <testcase classname="jun27NG.Login2app" name="login5" time="0.0">
    <ignored/>
  </testcase> <!-- login5 -->
  <testcase classname="jun27NG.Login2app" name="login6" time="0.0">
    <ignored/>
  </testcase> <!-- login6 -->
  <testcase classname="jun27NG.Login2app" name="login" time="0.0">
    <ignored/>
  </testcase> <!-- login -->
  <testcase classname="jun27NG.Login2app" name="login" time="0.0">
    <ignored/>
  </testcase> <!-- login -->
  <testcase classname="testbase.Testbase1" name="@BeforeTest testbefore" time="0.0">
    <ignored/>
  </testcase> <!-- @BeforeTest testbefore -->
</testsuite> <!-- Test -->
