<?xml version="1.0" encoding="UTF-8"?>
<!-- Generated by org.testng.reporters.JUnitXMLReporter -->
<testsuite ignored="0" hostname="DESKTOP-J5E2PDF" failures="0" tests="5" name="Test" time="0.139" errors="0" timestamp="2021-06-24T23:02:08 PDT">
  <testcase classname="jun23NG.classtest" name="f" time="0.009"/>
  <testcase classname="jun23NG.methodtest" name="f" time="0.006"/>
  <testcase classname="jun23NG.meth_cla_test" name="f" time="0.003"/>
  <testcase classname="jun23NG.meth_cla_test" name="f1" time="0.003"/>
  <testcase classname="jun23NG.meth_cla_test" name="f2" time="0.003"/>
</testsuite> <!-- Test -->
