<?xml version="1.0" encoding="UTF-8"?>
<testng-results ignored="9" total="12" passed="3" failed="0" skipped="0">
  <reporter-output>
  </reporter-output>
  <suite started-at="2021-07-05T16:49:33 PDT" name="Suite" finished-at="2021-07-05T16:50:14 PDT" duration-ms="40988">
    <groups>
      <group name="contactus">
        <method signature="Login2app.conus()[pri:0, instance:jun27NG.Login2app@6d1ef78d]" name="conus" class="jun27NG.Login2app"/>
      </group> <!-- contactus -->
      <group name="regression">
        <method signature="Create.createaccountman()[pri:0, instance:jun27NG.Create@134d26af]" name="createaccountman" class="jun27NG.Create"/>
        <method signature="Login2app.conus()[pri:0, instance:jun27NG.Login2app@6d1ef78d]" name="conus" class="jun27NG.Login2app"/>
        <method signature="Login2app.craete()[pri:0, instance:jun27NG.Login2app@6d1ef78d]" name="craete" class="jun27NG.Login2app"/>
      </group> <!-- regression -->
      <group name="smoke">
        <method signature="Create.createaccountman()[pri:0, instance:jun27NG.Create@134d26af]" name="createaccountman" class="jun27NG.Create"/>
        <method signature="Login2app.conus()[pri:0, instance:jun27NG.Login2app@6d1ef78d]" name="conus" class="jun27NG.Login2app"/>
        <method signature="Login2app.craete()[pri:0, instance:jun27NG.Login2app@6d1ef78d]" name="craete" class="jun27NG.Login2app"/>
      </group> <!-- smoke -->
      <group name="create">
        <method signature="Create.createaccountman()[pri:0, instance:jun27NG.Create@134d26af]" name="createaccountman" class="jun27NG.Create"/>
        <method signature="Login2app.craete()[pri:0, instance:jun27NG.Login2app@6d1ef78d]" name="craete" class="jun27NG.Login2app"/>
      </group> <!-- create -->
    </groups>
    <test started-at="2021-07-05T16:49:33 PDT" name="Test" finished-at="2021-07-05T16:50:14 PDT" duration-ms="40988">
      <class name="jun27NG.Login2app">
        <test-method is-config="true" signature="testbefore()[pri:0, instance:jun27NG.Login2app@6d1ef78d]" started-at="2021-07-05T16:49:33 PDT" name="testbefore" finished-at="2021-07-05T16:49:33 PDT" duration-ms="201" status="PASS">
          <reporter-output>
          </reporter-output>
        </test-method> <!-- testbefore -->
        <test-method is-config="true" signature="beforetest()[pri:0, instance:jun27NG.Login2app@6d1ef78d]" started-at="2021-07-05T16:49:33 PDT" name="beforetest" finished-at="2021-07-05T16:49:51 PDT" duration-ms="18166" status="PASS">
          <reporter-output>
          </reporter-output>
        </test-method> <!-- beforetest -->
        <test-method signature="conus()[pri:0, instance:jun27NG.Login2app@6d1ef78d]" started-at="2021-07-05T16:49:51 PDT" name="conus" finished-at="2021-07-05T16:49:55 PDT" duration-ms="3865" status="PASS">
          <reporter-output>
          </reporter-output>
        </test-method> <!-- conus -->
        <test-method is-config="true" signature="aftertest()[pri:0, instance:jun27NG.Login2app@6d1ef78d]" started-at="2021-07-05T16:49:55 PDT" name="aftertest" finished-at="2021-07-05T16:49:58 PDT" duration-ms="2679" status="PASS">
          <reporter-output>
          </reporter-output>
        </test-method> <!-- aftertest -->
        <test-method is-config="true" signature="beforetest()[pri:0, instance:jun27NG.Login2app@6d1ef78d]" started-at="2021-07-05T16:49:58 PDT" name="beforetest" finished-at="2021-07-05T16:50:09 PDT" duration-ms="11433" status="PASS">
          <reporter-output>
          </reporter-output>
        </test-method> <!-- beforetest -->
        <test-method signature="craete()[pri:0, instance:jun27NG.Login2app@6d1ef78d]" started-at="2021-07-05T16:50:09 PDT" name="craete" finished-at="2021-07-05T16:50:13 PDT" duration-ms="3480" status="PASS">
          <reporter-output>
          </reporter-output>
        </test-method> <!-- craete -->
        <test-method is-config="true" signature="aftertest()[pri:0, instance:jun27NG.Login2app@6d1ef78d]" started-at="2021-07-05T16:50:13 PDT" name="aftertest" finished-at="2021-07-05T16:50:14 PDT" duration-ms="999" status="PASS">
          <reporter-output>
          </reporter-output>
        </test-method> <!-- aftertest -->
        <test-method is-config="true" signature="testafter()[pri:0, instance:jun27NG.Login2app@6d1ef78d]" started-at="2021-07-05T16:50:14 PDT" name="testafter" finished-at="2021-07-05T16:50:14 PDT" duration-ms="70" status="PASS">
          <reporter-output>
          </reporter-output>
        </test-method> <!-- testafter -->
      </class> <!-- jun27NG.Login2app -->
      <class name="jun27NG.Create">
        <test-method is-config="true" signature="beforetest()[pri:0, instance:jun27NG.Create@134d26af]" started-at="2021-07-05T16:49:33 PDT" name="beforetest" finished-at="2021-07-05T16:49:51 PDT" duration-ms="18139" status="PASS">
          <reporter-output>
          </reporter-output>
        </test-method> <!-- beforetest -->
        <test-method signature="createaccountman()[pri:0, instance:jun27NG.Create@134d26af]" started-at="2021-07-05T16:49:51 PDT" name="createaccountman" finished-at="2021-07-05T16:50:00 PDT" duration-ms="8864" status="PASS">
          <reporter-output>
          </reporter-output>
        </test-method> <!-- createaccountman -->
        <test-method is-config="true" signature="aftertest()[pri:0, instance:jun27NG.Create@134d26af]" started-at="2021-07-05T16:50:00 PDT" name="aftertest" finished-at="2021-07-05T16:50:03 PDT" duration-ms="3245" status="PASS">
          <reporter-output>
          </reporter-output>
        </test-method> <!-- aftertest -->
      </class> <!-- jun27NG.Create -->
    </test> <!-- Test -->
  </suite> <!-- Suite -->
</testng-results>
